c:\users\97370\desktop\peinfo_x86\peinfo_x86\release\vc141.pdb
c:\users\97370\desktop\peinfo_x86\peinfo_x86\release\stdafx.obj
c:\users\97370\desktop\peinfo_x86\peinfo_x86\release\sectiontable.obj
c:\users\97370\desktop\peinfo_x86\peinfo_x86\release\pefunctions.obj
c:\users\97370\desktop\peinfo_x86\peinfo_x86\release\main.obj
c:\users\97370\desktop\peinfo_x86\peinfo_x86\release\export table.obj
c:\users\97370\desktop\peinfo_x86\peinfo_x86\release\datadirectory.obj
c:\users\97370\desktop\peinfo_x86\peinfo_x86\release\importtable.obj
c:\users\97370\desktop\peinfo_x86\peinfo_x86\release\calculator.obj
c:\users\97370\desktop\peinfo_x86\peinfo_x86\release\taskmanager.obj
c:\users\97370\desktop\peinfo_x86\peinfo_x86\release\resourcetable.obj
c:\users\97370\desktop\peinfo_x86\release\peinfo_x86.exe
c:\users\97370\desktop\peinfo_x86\release\peinfo_x86.pdb
c:\users\97370\desktop\peinfo_x86\release\peinfo_x86.ipdb
c:\users\97370\desktop\peinfo_x86\release\peinfo_x86.iobj
c:\users\97370\desktop\peinfo_x86\peinfo_x86\release\peinfo_x86.res
c:\users\97370\desktop\peinfo_x86\peinfo_x86\release\peinfo_x86.tlog\cl.command.1.tlog
c:\users\97370\desktop\peinfo_x86\peinfo_x86\release\peinfo_x86.tlog\cl.read.1.tlog
c:\users\97370\desktop\peinfo_x86\peinfo_x86\release\peinfo_x86.tlog\cl.write.1.tlog
c:\users\97370\desktop\peinfo_x86\peinfo_x86\release\peinfo_x86.tlog\link.command.1.tlog
c:\users\97370\desktop\peinfo_x86\peinfo_x86\release\peinfo_x86.tlog\link.read.1.tlog
c:\users\97370\desktop\peinfo_x86\peinfo_x86\release\peinfo_x86.tlog\link.write.1.tlog
c:\users\97370\desktop\peinfo_x86\peinfo_x86\release\peinfo_x86.tlog\peinfo_x86.write.1u.tlog
c:\users\97370\desktop\peinfo_x86\peinfo_x86\release\peinfo_x86.tlog\rc.command.1.tlog
c:\users\97370\desktop\peinfo_x86\peinfo_x86\release\peinfo_x86.tlog\rc.read.1.tlog
c:\users\97370\desktop\peinfo_x86\peinfo_x86\release\peinfo_x86.tlog\rc.write.1.tlog
